#
# There is insufficient memory for the Java Runtime Environment to continue.
# Native memory allocation (mmap) failed to map 132120576 bytes for G1 virtual space
# Possible reasons:
#   The system is out of physical RAM or swap space
#   The process is running with CompressedOops enabled, and the Java Heap may be blocking the growth of the native heap
# Possible solutions:
#   Reduce memory load on the system
#   Increase physical memory or swap space
#   Check if swap backing store is full
#   Decrease Java heap size (-Xmx/-Xms)
#   Decrease number of Java threads
#   Decrease Java thread stack sizes (-Xss)
#   Set larger code cache with -XX:ReservedCodeCacheSize=
#   JVM is running with Unscaled Compressed Oops mode in which the Java heap is
#     placed in the first 4GB address space. The Java Heap base address is the
#     maximum limit for the native heap growth. Please use -XX:HeapBaseMinAddress
#     to set the Java Heap base and to place the Java Heap above 4GB virtual address.
# This output file may be truncated or incomplete.
#
#  Out of Memory Error (os_windows.cpp:3600), pid=7936, tid=11936
#
# JRE version:  (21.0.2+13) (build )
# Java VM: OpenJDK 64-Bit Server VM (21.0.2+13-LTS, mixed mode, sharing, tiered, compressed oops, compressed class ptrs, g1 gc, windows-amd64)
# No core dump will be written. Minidumps are not enabled by default on client versions of Windows
#

---------------  S U M M A R Y ------------

Command Line: -Dclassworlds.conf=C:\Program Files\Apache NetBeans\java\maven\bin\m2.conf -Dmaven.home=C:\Program Files\Apache NetBeans\java\maven -Dlibrary.jansi.path=C:\Program Files\Apache NetBeans\java\maven\lib\jansi-native -Dmaven.multiModuleProjectDirectory=C:\Users\User\LibraryManagement org.codehaus.plexus.classworlds.launcher.Launcher -Dexec.vmArgs= -Dexec.args=${exec.vmArgs} -classpath %classpath ${exec.mainClass} ${exec.appArgs} -Dexec.appArgs= -Dexec.mainClass=SLibrary.Login -Dexec.executable=C:\Program Files\Apache NetBeans\jdk\bin\java.exe -Dmaven.ext.class.path=C:\Program Files\Apache NetBeans\java\maven-nblib\netbeans-eventspy.jar --no-transfer-progress process-classes org.codehaus.mojo:exec-maven-plugin:3.1.0:exec

Host: 11th Gen Intel(R) Core(TM) i5-1135G7 @ 2.40GHz, 8 cores, 7G,  Windows 11 , 64 bit Build 22621 (10.0.22621.3527)
Time: Fri Jun  7 17:16:12 2024 SE Asia Standard Time elapsed time: 0.014803 seconds (0d 0h 0m 0s)

---------------  T H R E A D  ---------------

Current thread (0x0000021bfad35770):  JavaThread "Unknown thread" [_thread_in_vm, id=11936, stack(0x00000091df500000,0x00000091df600000) (1024K)]

Stack: [0x00000091df500000,0x00000091df600000]
Native frames: (J=compiled Java code, j=interpreted, Vv=VM code, C=native code)
V  [jvm.dll+0x6d47c9]
V  [jvm.dll+0x8afd41]
V  [jvm.dll+0x8b20ae]
V  [jvm.dll+0x8b2793]
V  [jvm.dll+0x287836]
V  [jvm.dll+0x6d0ea5]
V  [jvm.dll+0x6c589a]
V  [jvm.dll+0x35ccda]
V  [jvm.dll+0x3648b6]
V  [jvm.dll+0x3b5f6e]
V  [jvm.dll+0x3b6218]
V  [jvm.dll+0x33062c]
V  [jvm.dll+0x3311bb]
V  [jvm.dll+0x878069]
V  [jvm.dll+0x3c32f1]
V  [jvm.dll+0x8608e8]
V  [jvm.dll+0x456ebe]
V  [jvm.dll+0x458981]
C  [jli.dll+0x52a3]
C  [ucrtbase.dll+0x29333]
C  [KERNEL32.DLL+0x1257d]
C  [ntdll.dll+0x5aa48]


---------------  P R O C E S S  ---------------

Threads class SMR info:
_java_thread_list=0x00007ffa28f30108, length=0, elements={
}

Java Threads: ( => current thread )
Total: 0

Other Threads:
  0x0000021bfad813e0 WorkerThread "GC Thread#0"                     [id=16032, stack(0x00000091df600000,0x00000091df700000) (1024K)]
  0x0000021bfad91e50 ConcurrentGCThread "G1 Main Marker"            [id=12292, stack(0x00000091df700000,0x00000091df800000) (1024K)]
  0x0000021bfad93010 WorkerThread "G1 Conc#0"                       [id=12304, stack(0x00000091df800000,0x00000091df900000) (1024K)]

[error occurred during error reporting (printing all threads), id 0xc0000005, EXCEPTION_ACCESS_VIOLATION (0xc0000005) at pc=0x00007ffa286337b7]
VM state: not at safepoint (not fully initialized)

VM Mutex/Monitor currently owned by a thread:  ([mutex/lock_event])
[0x00007ffa28fa4a88] Heap_lock - owner thread: 0x0000021bfad35770

Heap address: 0x0000000083200000, size: 1998 MB, Compressed Oops mode: 32-bit

CDS archive(s) mapped at: [0x0000000000000000-0x0000000000000000-0x0000000000000000), size 0, SharedBaseAddress: 0x0000000800000000, ArchiveRelocationMode: 1.
Narrow klass base: 0x0000000000000000, Narrow klass shift: 0, Narrow klass range: 0x0

GC Precious Log:
 CardTable entry size: 512
 Card Set container configuration: InlinePtr #cards 5 size 8 Array Of Cards #cards 12 size 40 Howl #buckets 4 coarsen threshold 1843 Howl Bitmap #cards 512 size 80 coarsen threshold 460 Card regions per heap region 1 cards per card region 2048

Heap:
 garbage-first heap   total 0K, used 0K [0x0000000083200000, 0x0000000100000000)
  region size 1024K, 0 young (0K), 0 survivors (0K)

[error occurred during error reporting (printing heap information), id 0xc0000005, EXCEPTION_ACCESS_VIOLATION (0xc0000005) at pc=0x00007ffa28a1d539]
GC Heap History (0 events):
No events

Dll operation events (1 events):
Event: 0.009 Loaded shared library C:\Program Files\Apache NetBeans\jdk\bin\java.dll

Deoptimization events (0 events):
No events

Classes loaded (0 events):
No events

Classes unloaded (0 events):
No events

Classes redefined (0 events):
No events

Internal exceptions (0 events):
No events

ZGC Phase Switch (0 events):
No events

VM Operations (0 events):
No events

Events (0 events):
No events


Dynamic libraries:
0x00007ff6ed5a0000 - 0x00007ff6ed5ae000 	C:\Program Files\Apache NetBeans\jdk\bin\java.exe
0x00007ffadaad0000 - 0x00007ffadace7000 	C:\WINDOWS\SYSTEM32\ntdll.dll
0x00007ffad9fc0000 - 0x00007ffada084000 	C:\WINDOWS\System32\KERNEL32.DLL
0x00007ffad7fb0000 - 0x00007ffad8357000 	C:\WINDOWS\System32\KERNELBASE.dll
0x00007ffad8530000 - 0x00007ffad8641000 	C:\WINDOWS\System32\ucrtbase.dll
0x00007ffac09c0000 - 0x00007ffac09db000 	C:\Program Files\Apache NetBeans\jdk\bin\VCRUNTIME140.dll
0x00007ffac19d0000 - 0x00007ffac19e8000 	C:\Program Files\Apache NetBeans\jdk\bin\jli.dll
0x00007ffad9920000 - 0x00007ffad9ace000 	C:\WINDOWS\System32\USER32.dll
0x00007ffac2ec0000 - 0x00007ffac3153000 	C:\WINDOWS\WinSxS\amd64_microsoft.windows.common-controls_6595b64144ccf1df_6.0.22621.3527_none_270e469b73872a76\COMCTL32.dll
0x00007ffad84d0000 - 0x00007ffad84f6000 	C:\WINDOWS\System32\win32u.dll
0x00007ffada890000 - 0x00007ffada937000 	C:\WINDOWS\System32\msvcrt.dll
0x00007ffada940000 - 0x00007ffada969000 	C:\WINDOWS\System32\GDI32.dll
0x00007ffad7e90000 - 0x00007ffad7fa9000 	C:\WINDOWS\System32\gdi32full.dll
0x00007ffad7df0000 - 0x00007ffad7e8a000 	C:\WINDOWS\System32\msvcp_win.dll
0x00007ffad8a60000 - 0x00007ffad8a91000 	C:\WINDOWS\System32\IMM32.DLL
0x00007ffad2f70000 - 0x00007ffad2f7c000 	C:\Program Files\Apache NetBeans\jdk\bin\vcruntime140_1.dll
0x00007ffa91700000 - 0x00007ffa9178e000 	C:\Program Files\Apache NetBeans\jdk\bin\msvcp140.dll
0x00007ffa282f0000 - 0x00007ffa29085000 	C:\Program Files\Apache NetBeans\jdk\bin\server\jvm.dll
0x00007ffad9d30000 - 0x00007ffad9de2000 	C:\WINDOWS\System32\ADVAPI32.dll
0x00007ffada5b0000 - 0x00007ffada658000 	C:\WINDOWS\System32\sechost.dll
0x00007ffad8500000 - 0x00007ffad8528000 	C:\WINDOWS\System32\bcrypt.dll
0x00007ffada970000 - 0x00007ffadaa85000 	C:\WINDOWS\System32\RPCRT4.dll
0x00007ffad9c90000 - 0x00007ffad9d01000 	C:\WINDOWS\System32\WS2_32.dll
0x00007ffacef00000 - 0x00007ffacef0a000 	C:\WINDOWS\SYSTEM32\VERSION.dll
0x00007ffad4ed0000 - 0x00007ffad4f04000 	C:\WINDOWS\SYSTEM32\WINMM.dll
0x00007ffad7750000 - 0x00007ffad779d000 	C:\WINDOWS\SYSTEM32\POWRPROF.dll
0x00007ffad76c0000 - 0x00007ffad76d3000 	C:\WINDOWS\SYSTEM32\UMPDC.dll
0x00007ffad6e10000 - 0x00007ffad6e28000 	C:\WINDOWS\SYSTEM32\kernel.appcore.dll
0x00007ffad1b10000 - 0x00007ffad1b1a000 	C:\Program Files\Apache NetBeans\jdk\bin\jimage.dll
0x00007ffad4c40000 - 0x00007ffad4e72000 	C:\WINDOWS\SYSTEM32\DBGHELP.DLL
0x00007ffad8bd0000 - 0x00007ffad8f58000 	C:\WINDOWS\System32\combase.dll
0x00007ffad9840000 - 0x00007ffad9917000 	C:\WINDOWS\System32\OLEAUT32.dll
0x00007ffad4e90000 - 0x00007ffad4ec2000 	C:\WINDOWS\SYSTEM32\dbgcore.DLL
0x00007ffad86c0000 - 0x00007ffad8739000 	C:\WINDOWS\System32\bcryptPrimitives.dll
0x00007ffabf660000 - 0x00007ffabf67f000 	C:\Program Files\Apache NetBeans\jdk\bin\java.dll

dbghelp: loaded successfully - version: 4.0.5 - missing functions: none
symbol engine: initialized successfully - sym options: 0x614 - pdb path: .;C:\Program Files\Apache NetBeans\jdk\bin;C:\WINDOWS\SYSTEM32;C:\WINDOWS\WinSxS\amd64_microsoft.windows.common-controls_6595b64144ccf1df_6.0.22621.3527_none_270e469b73872a76;C:\Program Files\Apache NetBeans\jdk\bin\server

VM Arguments:
jvm_args: -Dclassworlds.conf=C:\Program Files\Apache NetBeans\java\maven\bin\m2.conf -Dmaven.home=C:\Program Files\Apache NetBeans\java\maven -Dlibrary.jansi.path=C:\Program Files\Apache NetBeans\java\maven\lib\jansi-native -Dmaven.multiModuleProjectDirectory=C:\Users\User\LibraryManagement 
java_command: org.codehaus.plexus.classworlds.launcher.Launcher -Dexec.vmArgs= -Dexec.args=${exec.vmArgs} -classpath %classpath ${exec.mainClass} ${exec.appArgs} -Dexec.appArgs= -Dexec.mainClass=SLibrary.Login -Dexec.executable=C:\Program Files\Apache NetBeans\jdk\bin\java.exe -Dmaven.ext.class.path=C:\Program Files\Apache NetBeans\java\maven-nblib\netbeans-eventspy.jar --no-transfer-progress process-classes org.codehaus.mojo:exec-maven-plugin:3.1.0:exec
java_class_path (initial): C:\Program Files\Apache NetBeans\java\maven\boot\plexus-classworlds-2.7.0.jar
Launcher Type: SUN_STANDARD

[Global flags]
     intx CICompilerCount                          = 4                                         {product} {ergonomic}
     uint ConcGCThreads                            = 2                                         {product} {ergonomic}
     uint G1ConcRefinementThreads                  = 8                                         {product} {ergonomic}
   size_t G1HeapRegionSize                         = 1048576                                   {product} {ergonomic}
    uintx GCDrainStackTargetSize                   = 64                                        {product} {ergonomic}
   size_t InitialHeapSize                          = 132120576                                 {product} {ergonomic}
   size_t MarkStackSize                            = 4194304                                   {product} {ergonomic}
   size_t MaxHeapSize                              = 2095054848                                {product} {ergonomic}
   size_t MinHeapDeltaBytes                        = 1048576                                   {product} {ergonomic}
   size_t MinHeapSize                              = 8388608                                   {product} {ergonomic}
    uintx NonNMethodCodeHeapSize                   = 5839372                                {pd product} {ergonomic}
    uintx NonProfiledCodeHeapSize                  = 122909434                              {pd product} {ergonomic}
    uintx ProfiledCodeHeapSize                     = 122909434                              {pd product} {ergonomic}
    uintx ReservedCodeCacheSize                    = 251658240                              {pd product} {ergonomic}
     bool SegmentedCodeCache                       = true                                      {product} {ergonomic}
   size_t SoftMaxHeapSize                          = 2095054848                             {manageable} {ergonomic}
     bool UseCompressedOops                        = true                           {product lp64_product} {ergonomic}
     bool UseG1GC                                  = true                                      {product} {ergonomic}
     bool UseLargePagesIndividualAllocation        = false                                  {pd product} {ergonomic}

Logging:
Log output configuration:
 #0: stdout all=warning uptime,level,tags foldmultilines=false
 #1: stderr all=off uptime,level,tags foldmultilines=false

Environment Variables:
JAVA_HOME=C:\Program Files\Apache NetBeans\jdk
PATH=C:\Program Files\Microsoft MPI\Bin\;C:\Program Files (x86)\VMware\VMware Player\bin\;C:\app\oracle\product\19c\db_home1\bin;C:\Program Files\Common Files\Oracle\Java\javapath;C:\Windows\system32;C:\Windows;C:\Windows\System32\Wbem;C:\Windows\System32\WindowsPowerShell\v1.0\;C:\Windows\System32\OpenSSH\;C:\Program Files\dotnet\;C:\WINDOWS\system32;C:\WINDOWS;C:\WINDOWS\System32\Wbem;C:\WINDOWS\System32\WindowsPowerShell\v1.0\;C:\WINDOWS\System32\OpenSSH\;C:\xampp\php;C:\ProgramData\ComposerSetup\bin;C:\Program Files\Docker\Docker\resources\bin;C:\Users\User\OneDrive\Máy tính\Nam 3\CSDLPhanTan\ArangoDB3e-3.11.4_win64\usr\bin;C:\Program Files\Git\cmd;C:\Program Files\nodejs\;C:\src\flutter\bin;C:\Users\User\AppData\Roaming\Microsoft\Windows\Start Menu\Programs\Python 3.11;C:\Users\User\AppData\Local\Programs\Python\Python311;C:\Users\User\AppData\Local\Programs\Python\Python311\Scripts;C:\Program Files (x86)\Microsoft SQL Server\160\Tools\Binn\;C:\Program Files\Microsoft SQL Server\160\Tools\Binn\;C:\Program Files\Microsoft SQL Server\Client SDK\ODBC\170\Tools\Binn\;C:\Program Files\Microsoft SQL Server\160\DTS\Binn\;C:\Program Files (x86)\Microsoft SQL Server\160\DTS\Binn\;C:\Program Files\Microsoft SQL Server\150\Tools\Binn\;C:\Program Files\Microsoft SQL Server\130\DTS\Binn\;C:\Program Files\Microsoft SQL Server\140\DTS\Binn\;C:\Program Files\Microsoft SQL Server\150\DTS\Binn\;C:\Users\User\AppData\Local\Microsoft\WindowsApps;C:\Users\User\AppData\Local\Programs\Microsoft VS Code\bin;C:\Program Files\mingw-w64\x86_64-8.1.0-posix-seh-rt_v6-rev0\mingw64\bin;C:\altera\13.0sp1\modelsim_ase\win32aloem;C:\Program Files\Azure Data Studio\bin;C:\Users\User\.dotnet\tools;C:\Users\User\AppData\Local\GitHubDesktop\bin;C:\Program Files\JetBrains\IntelliJ IDEA 2023.2.1\bin;;C:\Users\User\AppData\Roaming\Composer\vendor\bin;C:\Users\User\OneDrive\Máy tính\Nam 3\CSDLPhanTan\ArangoDB3-3.11.6_win64\usr\bin;C:\Program Files\ArangoDB3 3.11.6\usr\bin;C:\Users\User\AppData\Roaming\npm
USERNAME=User
OS=Windows_NT
PROCESSOR_IDENTIFIER=Intel64 Family 6 Model 140 Stepping 1, GenuineIntel
TMP=C:\Users\User\AppData\Local\Temp
TEMP=C:\Users\User\AppData\Local\Temp




Periodic native trim disabled

---------------  S Y S T E M  ---------------

OS:
 Windows 11 , 64 bit Build 22621 (10.0.22621.3527)
OS uptime: 0 days 1:51 hours

CPU: total 8 (initial active 8) (4 cores per cpu, 2 threads per core) family 6 model 140 stepping 1 microcode 0x9a, cx8, cmov, fxsr, ht, mmx, 3dnowpref, sse, sse2, sse3, ssse3, sse4.1, sse4.2, popcnt, lzcnt, tsc, tscinvbit, avx, avx2, aes, erms, clmul, bmi1, bmi2, adx, avx512f, avx512dq, avx512cd, avx512bw, avx512vl, sha, fma, vzeroupper, avx512_vpopcntdq, avx512_vpclmulqdq, avx512_vaes, avx512_vnni, clflush, clflushopt, clwb, avx512_vbmi2, avx512_vbmi, rdtscp, rdpid, fsrm, gfni, avx512_bitalg, f16c, pku, cet_ibt, cet_ss, avx512_ifma
Processor Information for all 8 processors :
  Max Mhz: 2419, Current Mhz: 2419, Mhz Limit: 2419

Memory: 4k page, system-wide physical 7991M (568M free)
TotalPageFile size 23991M (AvailPageFile size 5M)
current process WorkingSet (physical memory assigned to process): 11M, peak: 11M
current process commit charge ("private bytes"): 60M, peak: 186M

vm_info: OpenJDK 64-Bit Server VM (21.0.2+13-LTS) for windows-amd64 JRE (21.0.2+13-LTS) (Zulu21.32+17-CA), built on 2024-01-09T19:19:09Z by "zulu_re" with MS VC++ 17.1 (VS2022)

END.
